c:\users\jaspe\documents\opengl\solutions\opengl\opengl\x64\debug\vc143.pdb
c:\users\jaspe\documents\opengl\solutions\opengl\opengl\x64\debug\vc143.idb
c:\users\jaspe\documents\opengl\solutions\opengl\opengl\x64\debug\glad.obj
c:\users\jaspe\documents\opengl\solutions\opengl\opengl\x64\debug\main.obj
c:\users\jaspe\documents\opengl\solutions\opengl\opengl\x64\debug\imageloader.obj
c:\users\jaspe\documents\opengl\solutions\opengl\x64\debug\opengl.exe
c:\users\jaspe\documents\opengl\solutions\opengl\x64\debug\opengl.pdb
c:\users\jaspe\documents\opengl\solutions\opengl\opengl\x64\debug\opengl.res
c:\users\jaspe\documents\opengl\solutions\opengl\opengl\x64\debug\opengl.ilk
c:\users\jaspe\documents\opengl\solutions\opengl\opengl\x64\debug\opengl.tlog\cl.command.1.tlog
c:\users\jaspe\documents\opengl\solutions\opengl\opengl\x64\debug\opengl.tlog\cl.items.tlog
c:\users\jaspe\documents\opengl\solutions\opengl\opengl\x64\debug\opengl.tlog\cl.read.1.tlog
c:\users\jaspe\documents\opengl\solutions\opengl\opengl\x64\debug\opengl.tlog\cl.write.1.tlog
c:\users\jaspe\documents\opengl\solutions\opengl\opengl\x64\debug\opengl.tlog\link.command.1.tlog
c:\users\jaspe\documents\opengl\solutions\opengl\opengl\x64\debug\opengl.tlog\link.read.1.tlog
c:\users\jaspe\documents\opengl\solutions\opengl\opengl\x64\debug\opengl.tlog\link.secondary.1.tlog
c:\users\jaspe\documents\opengl\solutions\opengl\opengl\x64\debug\opengl.tlog\link.write.1.tlog
c:\users\jaspe\documents\opengl\solutions\opengl\opengl\x64\debug\opengl.tlog\rc.command.1.tlog
c:\users\jaspe\documents\opengl\solutions\opengl\opengl\x64\debug\opengl.tlog\rc.read.1.tlog
c:\users\jaspe\documents\opengl\solutions\opengl\opengl\x64\debug\opengl.tlog\rc.write.1.tlog
